<?xml version="1.0" encoding="UTF-8"?>
<robot generator="Robot 3.2.1 (Python 3.8.3rc1 on win32)" generated="20200511 12:25:26.622" rpa="false">
<suite id="s1" name="ValidSearch" source="C:\Users\vijay\PycharmProjects\robots\Test suites\Regression\ValidSearch.robot">
<kw name="Open ebay" library="HomePage" type="setup">
<kw name="Evaluate" library="BuiltIn">
<doc>Evaluates the given expression in Python and returns the result.</doc>
<arguments>
<arg>sys.modules['selenium.webdriver'].ChromeOptions()</arg>
<arg>sys, selenium.webdriver</arg>
</arguments>
<assign>
<var>${chrome_options}</var>
</assign>
<msg timestamp="20200511 12:25:27.151" level="INFO">${chrome_options} = &lt;selenium.webdriver.chrome.options.Options object at 0x000002401135CAC0&gt;</msg>
<status status="PASS" starttime="20200511 12:25:27.150" endtime="20200511 12:25:27.151"></status>
</kw>
<kw name="Call Method" library="BuiltIn">
<doc>Calls the named method of the given object with the provided arguments.</doc>
<arguments>
<arg>${chrome_options}</arg>
<arg>add_argument</arg>
<arg>--disable-extensions</arg>
</arguments>
<status status="PASS" starttime="20200511 12:25:27.151" endtime="20200511 12:25:27.152"></status>
</kw>
<kw name="Call Method" library="BuiltIn">
<doc>Calls the named method of the given object with the provided arguments.</doc>
<arguments>
<arg>${chrome_options}</arg>
<arg>add_argument</arg>
<arg>--disable-infobars</arg>
</arguments>
<status status="PASS" starttime="20200511 12:25:27.152" endtime="20200511 12:25:27.152"></status>
</kw>
<kw name="Create Webdriver" library="SeleniumLibrary">
<doc>Creates an instance of Selenium WebDriver.</doc>
<arguments>
<arg>Chrome</arg>
<arg>chrome_options=${chrome_options}</arg>
</arguments>
<msg timestamp="20200511 12:25:27.153" level="INFO">Creating an instance of the Chrome WebDriver.</msg>
<status status="PASS" starttime="20200511 12:25:27.152" endtime="20200511 12:25:30.577"></status>
</kw>
<kw name="Maximize Browser Window" library="SeleniumLibrary">
<doc>Maximizes current browser window.</doc>
<status status="PASS" starttime="20200511 12:25:30.577" endtime="20200511 12:25:32.707"></status>
</kw>
<kw name="Go To" library="SeleniumLibrary">
<doc>Navigates the current browser window to the provided ``url``.</doc>
<arguments>
<arg>${URL}</arg>
</arguments>
<msg timestamp="20200511 12:25:32.707" level="INFO">Opening url 'https://www.ebay.com.au'</msg>
<status status="PASS" starttime="20200511 12:25:32.707" endtime="20200511 12:25:35.521"></status>
</kw>
<status status="PASS" starttime="20200511 12:25:27.150" endtime="20200511 12:25:35.521"></status>
</kw>
<test id="s1-t1" name="Valid Search">
<kw name="Input Text" library="SeleniumLibrary">
<doc>Types the given ``text`` into the text field identified by ``locator``.</doc>
<arguments>
<arg>id: gh-ac</arg>
<arg>Laptop</arg>
</arguments>
<msg timestamp="20200511 12:25:35.524" level="INFO">Typing text 'Laptop' into text field 'id: gh-ac'.</msg>
<status status="PASS" starttime="20200511 12:25:35.523" endtime="20200511 12:25:36.352"></status>
</kw>
<kw name="Click Element" library="SeleniumLibrary">
<doc>Click the element identified by ``locator``.</doc>
<arguments>
<arg>id: gh-btn</arg>
</arguments>
<msg timestamp="20200511 12:25:36.353" level="INFO">Clicking element 'id: gh-btn'.</msg>
<status status="PASS" starttime="20200511 12:25:36.353" endtime="20200511 12:25:42.550"></status>
</kw>
<kw name="Run Keyword If" library="BuiltIn">
<doc>Runs the given keyword with the given arguments, if ``condition`` is true.</doc>
<arguments>
<arg>@{Windowtitle} == 'Laptop | ebay'</arg>
<arg>should be true</arg>
</arguments>
<status status="PASS" starttime="20200511 12:25:42.551" endtime="20200511 12:25:42.552"></status>
</kw>
<tags>
<tag>DEBUG</tag>
</tags>
<status status="PASS" starttime="20200511 12:25:35.522" endtime="20200511 12:25:42.553" critical="yes"></status>
</test>
<kw name="Close Browser" library="SeleniumLibrary" type="teardown">
<doc>Closes the current browser.</doc>
<status status="PASS" starttime="20200511 12:25:42.556" endtime="20200511 12:25:45.090"></status>
</kw>
<doc>Regression Suite</doc>
<status status="PASS" starttime="20200511 12:25:26.627" endtime="20200511 12:25:45.090"></status>
</suite>
<statistics>
<total>
<stat pass="1" fail="0">Critical Tests</stat>
<stat pass="1" fail="0">All Tests</stat>
</total>
<tag>
<stat pass="1" fail="0">DEBUG</stat>
</tag>
<suite>
<stat pass="1" fail="0" id="s1" name="ValidSearch">ValidSearch</stat>
</suite>
</statistics>
<errors>
</errors>
</robot>
